UsbTest/android studio/app/build/intermediates/manifest_merge_blame_file/release/manifest-merger-blame-release-report.txt
1<?xml version="1.0" encoding="utf-8"?>
2<manifest xmlns:android="http://schemas.android.com/apk/res/android"
3    package="com.adam.app.usbtest"
4    android:versionCode="1"
5    android:versionName="1.0" >
6
7    <uses-sdk
7-->src\main\AndroidManifest.xml:7:5-9:41
8        android:minSdkVersion="8"
8-->src\main\AndroidManifest.xml:8:9-34
9        android:targetSdkVersion="34" />
9-->src\main\AndroidManifest.xml:9:9-38
10
11    <application
11-->src\main\AndroidManifest.xml:11:5-26:19
12        android:allowBackup="true"
12-->src\main\AndroidManifest.xml:12:9-35
13        android:icon="@drawable/ic_launcher"
13-->src\main\AndroidManifest.xml:13:9-45
14        android:label="@string/app_name"
14-->src\main\AndroidManifest.xml:14:9-41
15        android:theme="@style/AppTheme" >
15-->src\main\AndroidManifest.xml:15:9-40
16        <activity
16-->src\main\AndroidManifest.xml:16:9-25:20
17            android:name="com.adam.app.usbtest.MainActivity"
17-->src\main\AndroidManifest.xml:17:13-61
18            android:exported="true"
18-->src\main\AndroidManifest.xml:19:13-36
19            android:label="@string/app_name" >
19-->src\main\AndroidManifest.xml:18:13-45
20            <intent-filter>
20-->src\main\AndroidManifest.xml:20:13-24:29
21                <action android:name="android.intent.action.MAIN" />
21-->src\main\AndroidManifest.xml:21:17-69
21-->src\main\AndroidManifest.xml:21:25-66
22
23                <category android:name="android.intent.category.LAUNCHER" />
23-->src\main\AndroidManifest.xml:23:17-77
23-->src\main\AndroidManifest.xml:23:27-74
24            </intent-filter>
25        </activity>
26    </application>
27
28</manifest>